Arguments: 
  C:\Program Files\nodejs\node.exe C:\Program Files (x86)\Yarn\bin\yarn.js add TextLocal --save

PATH: 
  C:\Program Files (x86)\Common Files\Oracle\Java\javapath;C:\Program Files\Java\jdk1.8.0_221\bin;C:\Windows\system32;C:\Windows;C:\Windows\System32\Wbem;C:\Windows\System32\WindowsPowerShell\v1.0\;C:\Windows\System32\OpenSSH\;C:\Program Files\nodejs\;C:\Program Files (x86)\NVIDIA Corporation\PhysX\Common;C:\Program Files (x86)\Microsoft VS Code\bin;C:\Program Files\Git\cmd;C:\Program Files (x86)\PuTTY\;C:\Program Files (x86)\Yarn\bin\;C:\Users\DanGeRouS\AppData\Local\Microsoft\WindowsApps;C:\Users\DanGeRouS\AppData\Roaming\npm;C:\Users\DanGeRouS\AppData\Local\Yarn\bin

Yarn version: 
  1.19.2

Node version: 
  10.16.0

Platform: 
  win32 x64

Trace: 
  Error: https://registry.yarnpkg.com/TextLocal: Not found
      at Request.params.callback [as _callback] (C:\Program Files (x86)\Yarn\lib\cli.js:66036:18)
      at Request.self.callback (C:\Program Files (x86)\Yarn\lib\cli.js:140586:22)
      at Request.emit (events.js:198:13)
      at Request.<anonymous> (C:\Program Files (x86)\Yarn\lib\cli.js:141558:10)
      at Request.emit (events.js:198:13)
      at IncomingMessage.<anonymous> (C:\Program Files (x86)\Yarn\lib\cli.js:141480:12)
      at Object.onceWrapper (events.js:286:20)
      at IncomingMessage.emit (events.js:203:15)
      at endReadableNT (_stream_readable.js:1129:12)
      at process._tickCallback (internal/process/next_tick.js:63:19)

npm manifest: 
  {
    "name": "scraping",
    "version": "1.0.0",
    "description": "",
    "main": "index.js",
    "scripts": {
      "test": "echo \"Error: no test specified\" && exit 1"
    },
    "author": "Ameni Maamouri",
    "license": "ISC",
    "dependencies": {
      "axios": "^0.19.1",
      "bcrypt": "^3.0.6",
      "body-parser": "^1.19.0",
      "cheerio": "^1.0.0-rc.3",
      "cors": "^2.8.5",
      "cron": "^1.7.2",
      "express": "^4.17.1",
      "jsonwebtoken": "^8.5.1",
      "mongoose": "^5.8.7"
    }
  }

yarn manifest: 
  No manifest

Lockfile: 
  No lockfile
